{"defaultnode":"http://localhost:9545","HOST":"localhost:9545","account":"1","gas":3700000,"confirmation":12,"disable-deterministic-oar":false,"loglevel":"info","non-interactive":false,"enable-stats":false,"no-hints":false,"gasprice":20000000000,"logFilePath":"./bridge.log","confirmations":12,"defaultGas":3700000,"level":"debug","message":"parsed options","timestamp":"2018-08-27T02:58:29.613Z"}
{"level":"info","message":"you are running ethereum-bridge - version: 0.6.1","timestamp":"2018-08-27T02:58:29.618Z"}
{"level":"info","message":"saving logs to: ./bridge.log","timestamp":"2018-08-27T02:58:29.618Z"}
{"level":"info","message":"using active mode","timestamp":"2018-08-27T02:58:29.619Z"}
{"level":"info","message":"Connecting to eth node http://localhost:9545","timestamp":"2018-08-27T02:58:29.619Z"}
{"result":{"quotes":{"ETH":0.00000277,"USD":0.001,"BTC":2.3e-7,"EUR":0.0008264},"deployments":{"ethereum":{"public-kovan":{"addressResolver":"0xB7A07BcF2Ba2f2703b24C0691b5278999C59AC7e"},"public-mainnet":{"addressResolver":"0x1d3B2638a7cC9f2CB3D298A3DA7a90B67E5506ed"},"public-ropsten3":{"addressResolver":"0xc03A2615D5efaf5F49F60B7BB6583eaec212fdf1"},"public-rinkeby":{"addressResolver":"0x146500cfd35B22E4A392Fe0aDc06De1a1368Ed48"}}},"distributions":{"rootstock-bridge":{"motd":"","latest":{"version":"0.5.4"}},"eris-bridge":{"motd":"","latest":{"version":"0.1.0"}},"blockapps-bridge":{"motd":"","latest":{"version":"0.5.4"}},"ethereum-bridge":{"motd":"","latest":{"version":"0.5.4"}}},"datasources":{"random":{"sessionPubKeysHash":["0xd937716ea46c0fb8f804f392eb5e00c2667262d1842017eae4f2202943ec1782"]}},"pricing":{"proofs":{"0":{"units":0,"description":"None"},"16":{"units":40,"description":"TLSNotary"},"32":{"units":40,"description":"Android"},"48":{"units":0,"description":"Ledger"}},"datasources":[{"units":10,"proof_types":[0],"name":"IPFS"},{"units":10,"proof_types":[0],"name":"swarm"},{"units":10,"proof_types":[0,16,32],"name":"URL"},{"units":10,"proof_types":[0],"name":"Blockchain"},{"units":10,"proof_types":[0,16,32],"name":"nested"},{"units":30,"proof_types":[0],"name":"WolframAlpha"},{"units":500,"proof_types":[0,16,32],"name":"computation"},{"units":50,"proof_types":[0,48],"name":"random"}]}},"success":true,"level":"debug","message":"check bridge version body result","timestamp":"2018-08-27T02:58:30.613Z"}
{"level":"info","message":"connected to node type EthereumJS TestRPC/v2.1.0-beta.7/ethereum-js","timestamp":"2018-08-27T02:58:31.193Z"}
{"level":"warn","message":"Using 0xf17f52151ebef6c7334fad080c5704d77216b732 to query contracts on your blockchain, make sure it is unlocked and do not use the same address to deploy your contracts","timestamp":"2018-08-27T02:58:31.872Z"}
{"level":"info","message":"deploying the oraclize connector contract...","timestamp":"2018-08-27T02:58:32.049Z"}
{"level":"info","message":"connector deployed to: 0xb9a219631aed55ebc3d998f17c3840b7ec39c0cc","timestamp":"2018-08-27T02:58:42.659Z"}
{"success":true,"connector":"0xb9a219631aed55ebc3d998f17c3840b7ec39c0cc","level":"debug","message":"connector deployment result","timestamp":"2018-08-27T02:58:42.659Z"}
{"level":"info","message":"deploying the address resolver with a deterministic address...","timestamp":"2018-08-27T02:58:42.861Z"}
{"level":"info","message":"address resolver (OAR) deployed to: 0x6f485c8bf6fc43ea212e93bbf8ce046c7f1cb475","timestamp":"2018-08-27T02:59:04.759Z"}
{"success":true,"oar":"0x6f485c8bf6fc43ea212e93bbf8ce046c7f1cb475","level":"debug","message":"OAR deployment result","timestamp":"2018-08-27T02:59:04.760Z"}
{"level":"info","message":"updating connector pricing...","timestamp":"2018-08-27T02:59:04.760Z"}
{"level":"info","message":"successfully deployed all contracts","timestamp":"2018-08-27T02:59:15.897Z"}
{"success":true,"level":"debug","message":"pricing update result","timestamp":"2018-08-27T02:59:15.898Z"}
{"context_name":"eth_4BDE24AAD9","latest_block_number":-1,"oar":"0x6f485c8bf6fc43ea212e93bbf8ce046c7f1cb475","node":{"main":"http://localhost:9545","backup":[]},"contracts":{"connector":{"binary":"/usr/local/lib/node_modules/ethereum-bridge/contracts/binary/oraclizeConnector.binary","abi":"/usr/local/lib/node_modules/ethereum-bridge/contracts/abi/oraclizeConnector.json","source":"/usr/local/lib/node_modules/ethereum-bridge/contracts/ethereum-api/connectors/oraclizeConnector.sol"},"oar":{"binary":"/usr/local/lib/node_modules/ethereum-bridge/contracts/binary/addressResolver.binary","abi":"/usr/local/lib/node_modules/ethereum-bridge/contracts/abi/addressResolver.json","source":"/usr/local/lib/node_modules/ethereum-bridge/contracts/ethereum-api/connectors/addressResolver.sol"}},"deterministic_oar":true,"deploy_gas":3700000,"account":"0xf17f52151ebef6c7334fad080c5704d77216b732","mode":"active","key_file":"/usr/local/lib/node_modules/ethereum-bridge/config/instance/keys.json","gas_price":20000000000,"onchain_config":{"pricing":[{"name":"IPFS","proof":0,"units":10},{"name":"IPFS","proof":1,"units":10},{"name":"swarm","proof":0,"units":10},{"name":"swarm","proof":1,"units":10},{"name":"URL","proof":0,"units":10},{"name":"URL","proof":1,"units":10},{"name":"URL","proof":16,"units":50},{"name":"URL","proof":17,"units":50},{"name":"URL","proof":32,"units":50},{"name":"URL","proof":33,"units":50},{"name":"Blockchain","proof":0,"units":10},{"name":"Blockchain","proof":1,"units":10},{"name":"nested","proof":0,"units":10},{"name":"nested","proof":1,"units":10},{"name":"nested","proof":16,"units":50},{"name":"nested","proof":17,"units":50},{"name":"nested","proof":32,"units":50},{"name":"nested","proof":33,"units":50},{"name":"WolframAlpha","proof":0,"units":30},{"name":"WolframAlpha","proof":1,"units":30},{"name":"computation","proof":0,"units":500},{"name":"computation","proof":1,"units":500},{"name":"computation","proof":16,"units":540},{"name":"computation","proof":17,"units":540},{"name":"computation","proof":32,"units":540},{"name":"computation","proof":33,"units":540},{"name":"random","proof":0,"units":50},{"name":"random","proof":1,"units":50},{"name":"random","proof":48,"units":50},{"name":"random","proof":49,"units":50}],"base_price":0.00000277},"connector":"0xb9a219631aed55ebc3d998f17c3840b7ec39c0cc","level":"debug","message":"new oracle inline configuration","timestamp":"2018-08-27T02:59:15.898Z"}
{"level":"info","message":"instance configuration file saved to /usr/local/lib/node_modules/ethereum-bridge/config/instance/oracle_instance_20180826T195915.json","timestamp":"2018-08-27T02:59:15.903Z"}
{"level":"debug","message":"starting the bridge log manager...","timestamp":"2018-08-27T02:59:15.904Z"}
{"level":"debug","message":"latest block seen (config file) -1","timestamp":"2018-08-27T02:59:15.926Z"}
{"level":"warn","message":"re-org block listen is disabled while using TestRPC","timestamp":"2018-08-27T02:59:15.931Z"}
{"level":"warn","message":"if you are running a test suit with Truffle and TestRPC or your chain is reset often please use the --dev mode","timestamp":"2018-08-27T02:59:15.931Z"}
{"level":"info","message":"Listening @ 0xb9a219631aed55ebc3d998f17c3840b7ec39c0cc (Oraclize Connector)\n","timestamp":"2018-08-27T02:59:15.932Z"}
